<?xml version="1.0" encoding="UTF-8"?>
<testng-results ignored="0" total="1" passed="1" failed="0" skipped="0">
  <reporter-output>
  </reporter-output>
  <suite started-at="2024-08-14T02:31:18 IST" name="Default suite" finished-at="2024-08-14T02:31:18 IST" duration-ms="34">
    <groups>
    </groups>
    <test started-at="2024-08-14T02:31:18 IST" name="Default test" finished-at="2024-08-14T02:31:18 IST" duration-ms="34">
      <class name="githh.scpt1">
        <test-method signature="rev()[pri:0, instance:githh.scpt1@4944252c]" started-at="2024-08-14T02:31:18 IST" name="rev" finished-at="2024-08-14T02:31:18 IST" duration-ms="7" status="PASS">
          <reporter-output>
          </reporter-output>
        </test-method> <!-- rev -->
      </class> <!-- githh.scpt1 -->
    </test> <!-- Default test -->
  </suite> <!-- Default suite -->
</testng-results>
