<?xml version="1.0" encoding="UTF-8"?>
<testng-results ignored="0" total="1" passed="1" failed="0" skipped="0">
  <reporter-output>
  </reporter-output>
  <suite started-at="2024-08-15T02:25:35 IST" name="Default suite" finished-at="2024-08-15T02:25:35 IST" duration-ms="64">
    <groups>
    </groups>
    <test started-at="2024-08-15T02:25:35 IST" name="Default test" finished-at="2024-08-15T02:25:35 IST" duration-ms="64">
      <class name="githh.script2">
        <test-method signature="rev()[pri:0, instance:githh.script2@4944252c]" started-at="2024-08-15T02:25:35 IST" name="rev" finished-at="2024-08-15T02:25:35 IST" duration-ms="12" status="PASS">
          <reporter-output>
          </reporter-output>
        </test-method> <!-- rev -->
      </class> <!-- githh.script2 -->
    </test> <!-- Default test -->
  </suite> <!-- Default suite -->
</testng-results>
